[DEBUG][2016-10-15 23:55:11,315][com.sirding.service.impl.SecServiceImpl]从【E:/git/github/java-sm/config.ini】文件中加载配置信息
[INFO][2016-10-15 23:55:11,431][com.sirding.main.MultiGenerator]com.sirding.model.Generator@533ddba
[DEBUG][2016-10-15 23:56:36,611][com.sirding.service.impl.SecServiceImpl]从【E:/git/github/java-sm/config.ini】文件中加载配置信息
[INFO][2016-10-15 23:56:36,648][com.sirding.main.MultiGenerator]com.sirding.model.Generator@533ddba
[DEBUG][2016-10-16 00:09:28,236][com.sirding.service.impl.SecServiceImpl]从【E:/git/github/java-sm/config.ini】文件中加载配置信息
[INFO][2016-10-16 00:09:28,275][com.sirding.main.MultiGenerator]com.sirding.model.Generator@533ddba
[DEBUG][2016-10-16 00:19:08,288][com.sirding.service.impl.SecServiceImpl]从【E:/git/github/java-sm/config.ini】文件中加载配置信息
[INFO][2016-10-16 00:19:08,330][com.sirding.main.MultiGenerator]com.sirding.model.Generator@533ddba
[DEBUG][2016-10-16 00:20:38,550][com.sirding.service.impl.SecServiceImpl]从【E:/git/github/java-sm/config.ini】文件中加载配置信息
[INFO][2016-10-16 00:20:38,587][com.sirding.main.MultiGenerator]com.sirding.model.Generator@533ddba
[DEBUG][2016-10-16 00:42:56,423][com.sirding.service.impl.SecServiceImpl]从【E:/git/github/java-sm/config.ini】文件中加载配置信息
[INFO][2016-10-16 00:42:56,461][com.sirding.main.MultiGenerator]com.sirding.model.Generator@533ddba
[DEBUG][2016-10-16 00:46:58,664][com.sirding.service.impl.SecServiceImpl]从【E:/git/github/java-sm/config.ini】文件中加载配置信息
[INFO][2016-10-16 00:46:58,707][com.sirding.main.MultiGenerator]com.sirding.model.Generator@533ddba
[DEBUG][2016-10-16 00:53:16,404][com.sirding.service.impl.SecServiceImpl]从【E:/git/github/java-sm/config.ini】文件中加载配置信息
[INFO][2016-10-16 00:53:16,440][com.sirding.main.MultiGenerator]com.sirding.model.Generator@533ddba
[DEBUG][2016-10-18 11:37:23,881][com.sirding.service.impl.SecServiceImpl]从【C:/yrtz/test/java-sshd-0.0.1-SNAPSHOT-bin/config.ini】文件中加载配置信息
[DEBUG][2016-10-18 11:44:10,882][com.sirding.service.impl.SecServiceImpl]从【C:/yrtz/project4ecplise/java-sm/config.ini】文件中加载配置信息
[DEBUG][2016-10-18 11:45:46,955][com.sirding.service.impl.SecServiceImpl]从【C:/yrtz/project4ecplise/java-sm/config.ini】文件中加载配置信息
[DEBUG][2016-10-18 11:55:04,157][com.sirding.service.impl.SecServiceImpl]从【C:/yrtz/project4ecplise/java-sm/config.ini】文件中加载配置信息
[DEBUG][2016-10-18 23:12:59,236][com.sirding.service.impl.SecServiceImpl]从【e:/git/github/java-sm/config.ini】文件中加载配置信息
[DEBUG][2016-10-18 23:43:03,329][com.sirding.service.impl.SecServiceImpl]从【e:/git/github/java-sm/config.ini】文件中加载配置信息
[DEBUG][2016-10-18 23:45:25,540][com.sirding.service.impl.SecServiceImpl]从【e:/git/github/java-sm/config.ini】文件中加载配置信息
